[demo.w3layouts.com/demos_new/template_demo/14-11-2017/soft-demo_Free/671769136/web/index.html]
[backblue.gif]
[fade.gif]
[index.html]
[demo.w3layouts.com/demos_new/template_demo/14-11-2017/soft-demo_Free/671769136/web/css/bootstrap.css]
[demo.w3layouts.com/demos_new/template_demo/14-11-2017/soft-demo_Free/671769136/web/css/style.css]
[demo.w3layouts.com/demos_new/template_demo/14-11-2017/soft-demo_Free/671769136/web/css/font-awesome.css]
[ajax.googleapis.com/ajax/libs/jquery/1.10.2/jquery.min.js]
[m.servedby-buysellads.com/monetization.js]
[demo.w3layouts.com/js/autotrack.js]
[demo.w3layouts.com/images/demobar_w3_4thDec2019.css]
[demo.w3layouts.com/demos_new/template_demo/14-11-2017/soft-demo_Free/671769136/web/services.html]
[demo.w3layouts.com/demos_new/template_demo/14-11-2017/soft-demo_Free/671769136/web/codes.html]
[demo.w3layouts.com/demos_new/template_demo/14-11-2017/soft-demo_Free/671769136/web/icons.html]
[demo.w3layouts.com/demos_new/template_demo/14-11-2017/soft-demo_Free/671769136/web/jobs.html]
[demo.w3layouts.com/demos_new/template_demo/14-11-2017/soft-demo_Free/671769136/web/login.html]
[demo.w3layouts.com/demos_new/template_demo/14-11-2017/soft-demo_Free/671769136/web/upload.html]
[demo.w3layouts.com/demos_new/template_demo/14-11-2017/soft-demo_Free/671769136/web/events.html]
[demo.w3layouts.com/demos_new/template_demo/14-11-2017/soft-demo_Free/671769136/web/professional.html]
[demo.w3layouts.com/demos_new/template_demo/14-11-2017/soft-demo_Free/671769136/web/contact.html]
[demo.w3layouts.com/demos_new/template_demo/14-11-2017/soft-demo_Free/671769136/web/single.html]
[demo.w3layouts.com/demos_new/template_demo/14-11-2017/soft-demo_Free/671769136/web/images/ab.png]
[demo.w3layouts.com/demos_new/template_demo/14-11-2017/soft-demo_Free/671769136/web/images/process.jpg]
[demo.w3layouts.com/demos_new/template_demo/14-11-2017/soft-demo_Free/671769136/web/images/test1.jpg]
[demo.w3layouts.com/demos_new/template_demo/14-11-2017/soft-demo_Free/671769136/web/images/test2.jpg]
[demo.w3layouts.com/demos_new/template_demo/14-11-2017/soft-demo_Free/671769136/web/images/test3.jpg]
[demo.w3layouts.com/demos_new/template_demo/14-11-2017/soft-demo_Free/671769136/web/js/jquery-2.1.4.min.js]
[demo.w3layouts.com/demos_new/template_demo/14-11-2017/soft-demo_Free/671769136/web/index.html]
[demo.w3layouts.com/demos_new/template_demo/14-11-2017/soft-demo_Free/671769136/web/js/bootstrap.js]
[demo.w3layouts.com/demos_new/template_demo/14-11-2017/soft-demo_Free/671769136/web/fonts/glyphicons-halflings-regular.eot]
[demo.w3layouts.com/demos_new/template_demo/14-11-2017/soft-demo_Free/671769136/web/fonts/glyphicons-halflings-regulard41d.eot]
[demo.w3layouts.com/demos_new/template_demo/14-11-2017/soft-demo_Free/671769136/web/fonts/glyphicons-halflings-regular.woff2]
[demo.w3layouts.com/demos_new/template_demo/14-11-2017/soft-demo_Free/671769136/web/fonts/glyphicons-halflings-regular.woff]
[demo.w3layouts.com/demos_new/template_demo/14-11-2017/soft-demo_Free/671769136/web/fonts/glyphicons-halflings-regular.ttf]
[demo.w3layouts.com/demos_new/template_demo/14-11-2017/soft-demo_Free/671769136/web/fonts/glyphicons-halflings-regular.svg]
[demo.w3layouts.com/demos_new/template_demo/14-11-2017/soft-demo_Free/671769136/web/css/bootstrap.css]
[demo.w3layouts.com/demos_new/template_demo/14-11-2017/soft-demo_Free/671769136/web/images/banner1.jpg]
[demo.w3layouts.com/demos_new/template_demo/14-11-2017/soft-demo_Free/671769136/web/images/banner2.jpg]
[demo.w3layouts.com/demos_new/template_demo/14-11-2017/soft-demo_Free/671769136/web/images/banner3.jpg]
[demo.w3layouts.com/demos_new/template_demo/14-11-2017/soft-demo_Free/671769136/web/images/banner4.jpg]
[demo.w3layouts.com/demos_new/template_demo/14-11-2017/soft-demo_Free/671769136/web/images/banner5.jpg]
[demo.w3layouts.com/demos_new/template_demo/14-11-2017/soft-demo_Free/671769136/web/images/mid.jpg]
[demo.w3layouts.com/demos_new/template_demo/14-11-2017/soft-demo_Free/671769136/web/images/candidate.jpg]
[demo.w3layouts.com/demos_new/template_demo/14-11-2017/soft-demo_Free/671769136/web/images/img-sprite.png]
[demo.w3layouts.com/demos_new/template_demo/14-11-2017/soft-demo_Free/671769136/web/images/contact.jpg]
[demo.w3layouts.com/demos_new/template_demo/14-11-2017/soft-demo_Free/671769136/web/css/style.css]
[demo.w3layouts.com/demos_new/template_demo/14-11-2017/soft-demo_Free/671769136/web/fonts/fontawesome-webfont3e6e.eot]
[demo.w3layouts.com/demos_new/template_demo/14-11-2017/soft-demo_Free/671769136/web/fonts/fontawesome-webfont3e6e.woff2]
[demo.w3layouts.com/demos_new/template_demo/14-11-2017/soft-demo_Free/671769136/web/fonts/fontawesome-webfont3e6e.woff]
[demo.w3layouts.com/demos_new/template_demo/14-11-2017/soft-demo_Free/671769136/web/fonts/fontawesome-webfontd41d.eot]
[demo.w3layouts.com/demos_new/template_demo/14-11-2017/soft-demo_Free/671769136/web/fonts/fontawesome-webfont3e6e.ttf]
[demo.w3layouts.com/demos_new/template_demo/14-11-2017/soft-demo_Free/671769136/web/css/font-awesome.css]
[demo.w3layouts.com/images/W3Layouts-light.html]
[demo.w3layouts.com/images/demobar_w3_4thDec2019.css]
[demo.w3layouts.com/demos_new/template_demo/14-11-2017/soft-demo_Free/671769136/web/services.html]
[demo.w3layouts.com/demos_new/template_demo/14-11-2017/soft-demo_Free/671769136/web/codes.html]
[demo.w3layouts.com/demos_new/template_demo/14-11-2017/soft-demo_Free/671769136/web/icons.html]
[demo.w3layouts.com/demos_new/template_demo/14-11-2017/soft-demo_Free/671769136/web/fonts/fontawesome-webfont3e6e.svg]
[demo.w3layouts.com/demos_new/template_demo/14-11-2017/soft-demo_Free/671769136/web/location_single.html]
[demo.w3layouts.com/demos_new/template_demo/14-11-2017/soft-demo_Free/671769136/web/images/loc1.jpg]
[demo.w3layouts.com/demos_new/template_demo/14-11-2017/soft-demo_Free/671769136/web/images/loc2.jpg]
[demo.w3layouts.com/demos_new/template_demo/14-11-2017/soft-demo_Free/671769136/web/images/loc3.jpg]
[demo.w3layouts.com/demos_new/template_demo/14-11-2017/soft-demo_Free/671769136/web/images/loc4.jpg]
[demo.w3layouts.com/demos_new/template_demo/14-11-2017/soft-demo_Free/671769136/web/jobs.html]
[demo.w3layouts.com/demos_new/template_demo/14-11-2017/soft-demo_Free/671769136/web/login.html]
[demo.w3layouts.com/demos_new/template_demo/14-11-2017/soft-demo_Free/671769136/web/upload.html]
[demo.w3layouts.com/demos_new/template_demo/14-11-2017/soft-demo_Free/671769136/web/register.html]
[demo.w3layouts.com/demos_new/template_demo/14-11-2017/soft-demo_Free/671769136/web/images/e6.jpg]
[demo.w3layouts.com/demos_new/template_demo/14-11-2017/soft-demo_Free/671769136/web/images/e5.jpg]
[demo.w3layouts.com/demos_new/template_demo/14-11-2017/soft-demo_Free/671769136/web/images/e4.jpg]
[demo.w3layouts.com/demos_new/template_demo/14-11-2017/soft-demo_Free/671769136/web/images/e1.jpg]
[demo.w3layouts.com/demos_new/template_demo/14-11-2017/soft-demo_Free/671769136/web/images/e2.jpg]
[demo.w3layouts.com/demos_new/template_demo/14-11-2017/soft-demo_Free/671769136/web/images/e3.jpg]
[demo.w3layouts.com/demos_new/template_demo/14-11-2017/soft-demo_Free/671769136/web/events.html]
[demo.w3layouts.com/demos_new/template_demo/14-11-2017/soft-demo_Free/671769136/web/images/pf1.jpg]
[demo.w3layouts.com/demos_new/template_demo/14-11-2017/soft-demo_Free/671769136/web/images/pf2.jpg]
[demo.w3layouts.com/demos_new/template_demo/14-11-2017/soft-demo_Free/671769136/web/images/pf3.jpg]
[demo.w3layouts.com/demos_new/template_demo/14-11-2017/soft-demo_Free/671769136/web/images/pf4.jpg]
[demo.w3layouts.com/demos_new/template_demo/14-11-2017/soft-demo_Free/671769136/web/professional.html]
[demo.w3layouts.com/demos_new/template_demo/14-11-2017/soft-demo_Free/671769136/web/contact.html]
[demo.w3layouts.com/demos_new/template_demo/14-11-2017/soft-demo_Free/671769136/web/images/single.jpg]
[demo.w3layouts.com/demos_new/template_demo/14-11-2017/soft-demo_Free/671769136/web/single.html]
[demo.w3layouts.com/demos_new/template_demo/14-11-2017/soft-demo_Free/671769136/web/fonts/glyphicons-halflings-regular.html]
[demo.w3layouts.com/demos_new/template_demo/14-11-2017/soft-demo_Free/671769136/web/fonts/glyphicons-halflings-regulard41d.html]
[demo.w3layouts.com/demos_new/template_demo/14-11-2017/soft-demo_Free/671769136/web/fonts/glyphicons-halflings-regular-2.html]
[demo.w3layouts.com/demos_new/template_demo/14-11-2017/soft-demo_Free/671769136/web/fonts/glyphicons-halflings-regular-3.html]
[demo.w3layouts.com/demos_new/template_demo/14-11-2017/soft-demo_Free/671769136/web/images/banner5.html]
[demo.w3layouts.com/demos_new/template_demo/14-11-2017/soft-demo_Free/671769136/web/images/img-sprite.html]
[demo.w3layouts.com/demos_new/template_demo/14-11-2017/soft-demo_Free/671769136/web/fonts/fontawesome-webfont3e6e.svg]
[demo.w3layouts.com/assets/css/fonts/linecons/css/linecons.html]
[demo.w3layouts.com/assets/css/fonts/fontawesome/css/font-awesome.min.html]
[demo.w3layouts.com/assets/css/bootstrap.html]
[demo.w3layouts.com/assets/css/xenon-core.html]
[demo.w3layouts.com/assets/css/xenon-forms.html]
[demo.w3layouts.com/assets/css/xenon-components.html]
[demo.w3layouts.com/assets/css/xenon-skins.html]
[demo.w3layouts.com/assets/css/custom.html]
[demo.w3layouts.com/assets/js/jquery-1.11.1.min.html]
[demo.w3layouts.com/assets/js/bootstrap.min.html]
[demo.w3layouts.com/assets/js/TweenMax.min.html]
[demo.w3layouts.com/assets/js/resizeable.html]
[demo.w3layouts.com/assets/js/joinable.html]
[demo.w3layouts.com/assets/js/xenon-api.html]
[demo.w3layouts.com/assets/js/xenon-toggles.html]
[demo.w3layouts.com/assets/js/xenon-custom.html]
[demo.w3layouts.com/images/W3Layouts-light.html]
[demo.w3layouts.com/demos_new/template_demo/14-11-2017/soft-demo_Free/671769136/web/images/loc6.jpg]
[demo.w3layouts.com/demos_new/template_demo/14-11-2017/soft-demo_Free/671769136/web/images/loc5.jpg]
[demo.w3layouts.com/demos_new/template_demo/14-11-2017/soft-demo_Free/671769136/web/images/loc7.jpg]
[demo.w3layouts.com/demos_new/template_demo/14-11-2017/soft-demo_Free/671769136/web/images/loc8.jpg]
[demo.w3layouts.com/demos_new/template_demo/14-11-2017/soft-demo_Free/671769136/web/location_single.html]
[demo.w3layouts.com/demos_new/template_demo/14-11-2017/soft-demo_Free/671769136/web/register.html]
[demo.w3layouts.com/assets/css/fonts/linecons/css/linecons.html]
[demo.w3layouts.com/assets/css/fonts/fontawesome/css/font-awesome.min.html]
[demo.w3layouts.com/assets/css/bootstrap.html]
[demo.w3layouts.com/assets/css/xenon-core.html]
[demo.w3layouts.com/assets/css/xenon-forms.html]
[demo.w3layouts.com/assets/css/xenon-components.html]
[demo.w3layouts.com/assets/css/xenon-skins.html]
[demo.w3layouts.com/assets/css/custom.html]
[demo.w3layouts.com/assets/js/jquery-1.11.1.min.html]
[demo.w3layouts.com/assets/js/bootstrap.min.html]
[demo.w3layouts.com/assets/js/TweenMax.min.html]
[demo.w3layouts.com/assets/js/resizeable.html]
[demo.w3layouts.com/assets/js/joinable.html]
[demo.w3layouts.com/assets/js/xenon-api.html]
[demo.w3layouts.com/assets/js/xenon-toggles.html]
[demo.w3layouts.com/assets/js/xenon-custom.html]
